<?xml version="1.0" encoding="UTF-8" ?>
<testsuite tests="2" failures="0" name="Runner_ESTest" time="0.003" errors="0" skipped="0">
  <properties>
    <property name="idea.version" value="2022.2"/>
    <property name="java.runtime.name" value="OpenJDK Runtime Environment"/>
    <property name="sun.boot.library.path" value="/home/anderson/.sdkman/candidates/java/8.0.345.fx-zulu/jre/lib/amd64"/>
    <property name="java.vm.version" value="25.345-b01"/>
    <property name="user.country.format" value="BR"/>
    <property name="cores" value="2"/>
    <property name="jdk.vendor.version" value="Zulu 8.64.0.19-CA-linux64"/>
    <property name="java.vm.vendor" value="Azul Systems, Inc."/>
    <property name="maven.multiModuleProjectDirectory" value="/home/anderson/Workspace/tests-generation-tools"/>
    <property name="java.vendor.url" value="http://www.azul.com/"/>
    <property name="path.separator" value=":"/>
    <property name="guice.disable.misplaced.annotation.check" value="true"/>
    <property name="java.vm.name" value="OpenJDK 64-Bit Server VM"/>
    <property name="file.encoding.pkg" value="sun.io"/>
    <property name="user.country" value="US"/>
    <property name="sun.java.launcher" value="SUN_STANDARD"/>
    <property name="sun.os.patch.level" value="unknown"/>
    <property name="java.vm.specification.name" value="Java Virtual Machine Specification"/>
    <property name="user.dir" value="/home/anderson/Workspace/tests-generation-tools"/>
    <property name="java.runtime.version" value="1.8.0_345-b01"/>
    <property name="java.awt.graphicsenv" value="sun.awt.X11GraphicsEnvironment"/>
    <property name="java.endorsed.dirs" value="/home/anderson/.sdkman/candidates/java/8.0.345.fx-zulu/jre/lib/endorsed"/>
    <property name="os.arch" value="amd64"/>
    <property name="java.io.tmpdir" value="/tmp"/>
    <property name="line.separator" value="
"/>
    <property name="java.vm.specification.vendor" value="Oracle Corporation"/>
    <property name="os.name" value="Linux"/>
    <property name="maven.ext.class.path" value="/home/anderson/.local/share/JetBrains/Toolbox/apps/IDEA-U/ch-0/222.3345.118/plugins/maven/lib/maven-event-listener.jar"/>
    <property name="classworlds.conf" value="/home/anderson/.local/share/JetBrains/Toolbox/apps/IDEA-U/ch-0/222.3345.118/plugins/maven/lib/maven3/bin/m2.conf"/>
    <property name="sun.jnu.encoding" value="UTF-8"/>
    <property name="java.library.path" value="/usr/java/packages/lib/amd64:/usr/lib64:/lib64:/lib:/usr/lib"/>
    <property name="maven.conf" value="/home/anderson/.local/share/JetBrains/Toolbox/apps/IDEA-U/ch-0/222.3345.118/plugins/maven/lib/maven3/conf"/>
    <property name="java.specification.name" value="Java Platform API Specification"/>
    <property name="java.class.version" value="52.0"/>
    <property name="sun.management.compiler" value="HotSpot 64-Bit Tiered Compilers"/>
    <property name="os.version" value="5.15.0-50-generic"/>
    <property name="user.home" value="/home/anderson"/>
    <property name="user.timezone" value="America/Maceio"/>
    <property name="java.awt.printerjob" value="sun.print.PSPrinterJob"/>
    <property name="memoryInMB" value="2000"/>
    <property name="java.specification.version" value="1.8"/>
    <property name="file.encoding" value="UTF-8"/>
    <property name="user.name" value="anderson"/>
    <property name="java.class.path" value="/home/anderson/.local/share/JetBrains/Toolbox/apps/IDEA-U/ch-0/222.3345.118/plugins/maven/lib/maven3/boot/plexus-classworlds.license:/home/anderson/.local/share/JetBrains/Toolbox/apps/IDEA-U/ch-0/222.3345.118/plugins/maven/lib/maven3/boot/plexus-classworlds-2.6.0.jar:/home/anderson/.local/share/JetBrains/Toolbox/apps/IDEA-U/ch-0/222.3345.118/lib/idea_rt.jar"/>
    <property name="java.vm.specification.version" value="1.8"/>
    <property name="sun.arch.data.model" value="64"/>
    <property name="java.home" value="/home/anderson/.sdkman/candidates/java/8.0.345.fx-zulu/jre"/>
    <property name="sun.java.command" value="org.codehaus.classworlds.Launcher -Didea.version=2022.2 -e -DmemoryInMB=2000 -Dcores=2 evosuite:generate evosuite:export test"/>
    <property name="java.specification.vendor" value="Oracle Corporation"/>
    <property name="user.language" value="en"/>
    <property name="user.language.format" value="pt"/>
    <property name="awt.toolkit" value="sun.awt.X11.XToolkit"/>
    <property name="java.vm.info" value="mixed mode"/>
    <property name="java.version" value="1.8.0_345"/>
    <property name="java.ext.dirs" value="/home/anderson/.sdkman/candidates/java/8.0.345.fx-zulu/jre/lib/ext:/usr/java/packages/lib/ext"/>
    <property name="securerandom.source" value="file:/dev/./urandom"/>
    <property name="sun.boot.class.path" value="/home/anderson/.sdkman/candidates/java/8.0.345.fx-zulu/jre/lib/resources.jar:/home/anderson/.sdkman/candidates/java/8.0.345.fx-zulu/jre/lib/rt.jar:/home/anderson/.sdkman/candidates/java/8.0.345.fx-zulu/jre/lib/sunrsasign.jar:/home/anderson/.sdkman/candidates/java/8.0.345.fx-zulu/jre/lib/jsse.jar:/home/anderson/.sdkman/candidates/java/8.0.345.fx-zulu/jre/lib/jce.jar:/home/anderson/.sdkman/candidates/java/8.0.345.fx-zulu/jre/lib/charsets.jar:/home/anderson/.sdkman/candidates/java/8.0.345.fx-zulu/jre/lib/jfr.jar:/home/anderson/.sdkman/candidates/java/8.0.345.fx-zulu/jre/lib/cat.jar:/home/anderson/.sdkman/candidates/java/8.0.345.fx-zulu/jre/classes"/>
    <property name="java.vendor" value="Azul Systems, Inc."/>
    <property name="maven.home" value="/home/anderson/.local/share/JetBrains/Toolbox/apps/IDEA-U/ch-0/222.3345.118/plugins/maven/lib/maven3"/>
    <property name="file.separator" value="/"/>
    <property name="java.vendor.url.bug" value="http://www.azul.com/support/"/>
    <property name="sun.cpu.endian" value="little"/>
    <property name="sun.io.unicode.encoding" value="UnicodeLittle"/>
    <property name="sun.desktop" value="gnome"/>
    <property name="sun.cpu.isalist" value=""/>
  </properties>
  <testcase classname="Runner_ESTest" name="test0" time="0.001"/>
  <testcase classname="Runner_ESTest" name="test1" time="0.002"/>
</testsuite>